Sept-05 12:38:54.228 [main] DEBUG nextflow.cli.Launcher - $> nextflow run main.nf --outdir /Users/saul/test/out -work-dir /tmp/nextflow/work
Sept-05 12:38:54.310 [main] INFO  nextflow.cli.CmdRun - N E X T F L O W  ~  version 23.04.1
Sept-05 12:38:54.330 [main] DEBUG nextflow.plugin.PluginsFacade - Setting up plugin manager > mode=prod; embedded=false; plugins-dir=/Users/saul/.nextflow/plugins; core-plugins: nf-amazon@1.16.2,nf-azure@1.0.1,nf-codecommit@0.1.4,nf-console@1.0.5,nf-ga4gh@1.0.5,nf-google@1.7.3,nf-tower@1.5.12,nf-wave@0.8.2
Sept-05 12:38:54.341 [main] INFO  org.pf4j.DefaultPluginStatusProvider - Enabled plugins: []
Sept-05 12:38:54.342 [main] INFO  org.pf4j.DefaultPluginStatusProvider - Disabled plugins: []
Sept-05 12:38:54.346 [main] INFO  org.pf4j.DefaultPluginManager - PF4J version 3.4.1 in 'deployment' mode
Sept-05 12:38:54.357 [main] INFO  org.pf4j.AbstractPluginManager - No plugins
Sept-05 12:38:54.378 [main] DEBUG nextflow.config.ConfigBuilder - Found config home: /Users/saul/.nextflow/config
Sept-05 12:38:54.379 [main] DEBUG nextflow.config.ConfigBuilder - Found config local: /Users/saul/flexlmm/nextflow.config
Sept-05 12:38:54.380 [main] DEBUG nextflow.config.ConfigBuilder - Parsing config file: /Users/saul/.nextflow/config
Sept-05 12:38:54.381 [main] DEBUG nextflow.config.ConfigBuilder - Parsing config file: /Users/saul/flexlmm/nextflow.config
Sept-05 12:38:54.411 [main] DEBUG nextflow.config.ConfigBuilder - Applying config profile: `standard`
Sept-05 12:38:54.935 [main] DEBUG nextflow.config.ConfigBuilder - Applying config profile: `standard`
Sept-05 12:38:56.415 [main] DEBUG nextflow.cli.CmdRun - Applied DSL=2 from script declararion
Sept-05 12:38:56.431 [main] INFO  nextflow.cli.CmdRun - Launching `main.nf` [cranky_roentgen] DSL2 - revision: 77989ce394
Sept-05 12:38:56.432 [main] DEBUG nextflow.plugin.PluginsFacade - Plugins declared=[nf-validation]
Sept-05 12:38:56.433 [main] DEBUG nextflow.plugin.PluginsFacade - Plugins default=[]
Sept-05 12:38:56.433 [main] DEBUG nextflow.plugin.PluginsFacade - Plugins resolved requirement=[nf-validation]
Sept-05 12:38:56.433 [main] DEBUG nextflow.plugin.PluginUpdater - Installing plugin nf-validation version: latest
Sept-05 12:38:56.719 [main] INFO  org.pf4j.AbstractPluginManager - Plugin 'nf-validation@0.3.1' resolved
Sept-05 12:38:56.719 [main] INFO  org.pf4j.AbstractPluginManager - Start plugin 'nf-validation@0.3.1'
Sept-05 12:38:56.725 [main] DEBUG nextflow.plugin.BasePlugin - Plugin started nf-validation@0.3.1
Sept-05 12:38:56.734 [main] DEBUG nextflow.secret.LocalSecretsProvider - Secrets store: /Users/saul/.nextflow/secrets/store.json
Sept-05 12:38:56.738 [main] DEBUG nextflow.secret.SecretsLoader - Discovered secrets providers: [nextflow.secret.LocalSecretsProvider@7a388990] - activable => nextflow.secret.LocalSecretsProvider@7a388990
Sept-05 12:38:56.794 [main] DEBUG nextflow.Session - Session UUID: cb18bd1c-c8b0-4f11-b3e0-59a15ecb854e
Sept-05 12:38:56.794 [main] DEBUG nextflow.Session - Run name: cranky_roentgen
Sept-05 12:38:56.795 [main] DEBUG nextflow.Session - Executor pool size: 8
Sept-05 12:38:56.806 [main] DEBUG nextflow.util.ThreadPoolBuilder - Creating thread pool 'FileTransfer' minSize=10; maxSize=24; workQueue=LinkedBlockingQueue[10000]; allowCoreThreadTimeout=false
Sept-05 12:38:56.826 [main] DEBUG nextflow.cli.CmdRun - 
  Version: 23.04.1 build 5866
  Created: 15-04-2023 06:51 UTC (08:51 CEST)
  System: Mac OS X 13.4.1
  Runtime: Groovy 3.0.16 on OpenJDK 64-Bit Server VM 20+36
  Encoding: UTF-8 (UTF-8)
  Process: 27771@C02G20DAML7J [192.168.160.117]
  CPUs: 8 - Mem: 16 GB (1.7 GB) - Swap: 6 GB (1.6 GB)
Sept-05 12:38:56.848 [main] DEBUG nextflow.Session - Work-dir: /tmp/nextflow/work [Mac OS X]
Sept-05 12:38:56.848 [main] DEBUG nextflow.Session - Script base path does not exist or is not a directory: /Users/saul/flexlmm/bin
Sept-05 12:38:56.860 [main] DEBUG nextflow.executor.ExecutorFactory - Extension executors providers=[]
Sept-05 12:38:56.870 [main] DEBUG nextflow.Session - Observer factory: DefaultObserverFactory
Sept-05 12:38:56.946 [main] DEBUG nextflow.cache.CacheFactory - Using Nextflow cache factory: nextflow.cache.DefaultCacheFactory
Sept-05 12:38:56.956 [main] DEBUG nextflow.util.CustomThreadPool - Creating default thread pool > poolSize: 9; maxThreads: 1000
Sept-05 12:38:57.020 [main] DEBUG nextflow.Session - Session start
Sept-05 12:38:57.024 [main] DEBUG nextflow.trace.TraceFileObserver - Workflow started -- trace file: /Users/saul/test/out/pipeline_info/execution_trace_2023-09-05_12-38-56.txt
Sept-05 12:38:57.035 [main] DEBUG nextflow.Session - Using default localLib path: /Users/saul/flexlmm/lib
Sept-05 12:38:57.038 [main] DEBUG nextflow.Session - Adding to the classpath library: /Users/saul/flexlmm/lib
Sept-05 12:38:57.039 [main] DEBUG nextflow.Session - Adding to the classpath library: /Users/saul/flexlmm/lib/nfcore_external_java_deps.jar
Sept-05 12:38:57.380 [main] DEBUG nextflow.script.ScriptRunner - > Launching execution
Sept-05 12:38:57.397 [main] DEBUG nextflow.script.IncludeDef - Loading included plugin extensions with names: [validateParameters:validateParameters, paramsHelp:paramsHelp]; plugin Id: nf-validation
Sept-05 12:38:57.415 [main] DEBUG nextflow.validation.SchemaValidator - Starting parameters validation
Sept-05 12:38:57.565 [main] DEBUG nextflow.validation.SchemaValidator - Finishing parameters validation
Sept-05 12:38:57.693 [main] DEBUG nextflow.script.IncludeDef - Loading included plugin extensions with names: [paramsSummaryLog:paramsSummaryLog, paramsSummaryMap:paramsSummaryMap]; plugin Id: nf-validation
Sept-05 12:38:57.738 [main] ERROR nextflow.cli.Launcher - Module compilation error
- file : /Users/saul/flexlmm/./workflows/../lib/WorkflowFLexlmm.groovy
nextflow.exception.ScriptCompilationException: Module compilation error
- file : /Users/saul/flexlmm/./workflows/../lib/WorkflowFLexlmm.groovy
	at nextflow.script.ScriptParser.parse(ScriptParser.groovy:187)
	at nextflow.script.ScriptParser.parse(ScriptParser.groovy:194)
	at nextflow.script.ScriptParser.runScript(ScriptParser.groovy:214)
	at nextflow.script.ScriptParser.runScript(ScriptParser.groovy:205)
	at nextflow.script.IncludeDef.memoizedMethodPriv$loadModule0PathMapSession(IncludeDef.groovy:151)
	at nextflow.script.IncludeDef.access$0(IncludeDef.groovy)
	at nextflow.script.IncludeDef$__clinit__closure2.doCall(IncludeDef.groovy)
	at java.base/jdk.internal.reflect.DirectMethodHandleAccessor.invoke(DirectMethodHandleAccessor.java:104)
	at java.base/java.lang.reflect.Method.invoke(Method.java:578)
	at org.codehaus.groovy.reflection.CachedMethod.invoke(CachedMethod.java:107)
	at groovy.lang.MetaMethod.doMethodInvoke(MetaMethod.java:323)
	at org.codehaus.groovy.runtime.metaclass.ClosureMetaClass.invokeMethod(ClosureMetaClass.java:274)
	at groovy.lang.MetaClassImpl.invokeMethod(MetaClassImpl.java:1035)
	at groovy.lang.Closure.call(Closure.java:412)
	at org.codehaus.groovy.runtime.memoize.Memoize$MemoizeFunction.lambda$call$0(Memoize.java:137)
	at org.codehaus.groovy.runtime.memoize.ConcurrentCommonCache.getAndPut(ConcurrentCommonCache.java:137)
	at org.codehaus.groovy.runtime.memoize.ConcurrentCommonCache.getAndPut(ConcurrentCommonCache.java:113)
	at org.codehaus.groovy.runtime.memoize.Memoize$MemoizeFunction.call(Memoize.java:136)
	at nextflow.script.IncludeDef.loadModule0(IncludeDef.groovy)
	at nextflow.script.IncludeDef.load0(IncludeDef.groovy:123)
	at nextflow.script.IncludeDef$load0$1.call(Unknown Source)
	at org.codehaus.groovy.runtime.callsite.CallSiteArray.defaultCall(CallSiteArray.java:47)
	at org.codehaus.groovy.runtime.callsite.AbstractCallSite.call(AbstractCallSite.java:125)
	at org.codehaus.groovy.runtime.callsite.AbstractCallSite.call(AbstractCallSite.java:139)
	at Script_a6d70635.runScript(Script_a6d70635:8)
	at nextflow.script.BaseScript.run0(BaseScript.groovy:145)
	at nextflow.script.BaseScript.run(BaseScript.groovy:192)
	at nextflow.script.ScriptParser.runScript(ScriptParser.groovy:229)
	at nextflow.script.ScriptParser.runScript(ScriptParser.groovy:215)
	at nextflow.script.ScriptParser.runScript(ScriptParser.groovy:205)
	at nextflow.script.IncludeDef.memoizedMethodPriv$loadModule0PathMapSession(IncludeDef.groovy:151)
	at nextflow.script.IncludeDef.access$0(IncludeDef.groovy)
	at nextflow.script.IncludeDef$__clinit__closure2.doCall(IncludeDef.groovy)
	at java.base/jdk.internal.reflect.DirectMethodHandleAccessor.invoke(DirectMethodHandleAccessor.java:104)
	at java.base/java.lang.reflect.Method.invoke(Method.java:578)
	at org.codehaus.groovy.reflection.CachedMethod.invoke(CachedMethod.java:107)
	at groovy.lang.MetaMethod.doMethodInvoke(MetaMethod.java:323)
	at org.codehaus.groovy.runtime.metaclass.ClosureMetaClass.invokeMethod(ClosureMetaClass.java:274)
	at groovy.lang.MetaClassImpl.invokeMethod(MetaClassImpl.java:1035)
	at groovy.lang.Closure.call(Closure.java:412)
	at org.codehaus.groovy.runtime.memoize.Memoize$MemoizeFunction.lambda$call$0(Memoize.java:137)
	at org.codehaus.groovy.runtime.memoize.ConcurrentCommonCache.getAndPut(ConcurrentCommonCache.java:137)
	at org.codehaus.groovy.runtime.memoize.ConcurrentCommonCache.getAndPut(ConcurrentCommonCache.java:113)
	at org.codehaus.groovy.runtime.memoize.Memoize$MemoizeFunction.call(Memoize.java:136)
	at nextflow.script.IncludeDef.loadModule0(IncludeDef.groovy)
	at nextflow.script.IncludeDef.load0(IncludeDef.groovy:123)
	at nextflow.script.IncludeDef$load0$1.call(Unknown Source)
	at org.codehaus.groovy.runtime.callsite.CallSiteArray.defaultCall(CallSiteArray.java:47)
	at org.codehaus.groovy.runtime.callsite.AbstractCallSite.call(AbstractCallSite.java:125)
	at org.codehaus.groovy.runtime.callsite.AbstractCallSite.call(AbstractCallSite.java:139)
	at Script_e8ee7c90.runScript(Script_e8ee7c90:44)
	at nextflow.script.BaseScript.run0(BaseScript.groovy:145)
	at nextflow.script.BaseScript.run(BaseScript.groovy:192)
	at nextflow.script.ScriptParser.runScript(ScriptParser.groovy:229)
	at nextflow.script.ScriptRunner.run(ScriptRunner.groovy:224)
	at nextflow.script.ScriptRunner.execute(ScriptRunner.groovy:130)
	at nextflow.cli.CmdRun.run(CmdRun.groovy:368)
	at nextflow.cli.Launcher.run(Launcher.groovy:494)
	at nextflow.cli.Launcher.main(Launcher.groovy:653)
Caused by: org.codehaus.groovy.control.CompilationFailedException: startup failed
	at nextflow.script.ScriptParser.parse(ScriptParser.groovy:171)
	... 58 common frames omitted
